mvn.cmd : WARNING: A restricted 
method in java.lang.System has 
been called
At D:\Projects\GitHub\it3030-paf-2
026-smart-campus-group11\smart-cam
pus\backend\start-backend.ps1:18 
char:1
+ & $mavenExe spring-boot:run
+ ~~~~~~~~~~~~~~~~~~~~~~~~~~~
    + CategoryInfo          : Not 
   Specified: (WARNING: A rest..  
  .has been called:String) [],    
 RemoteException
    + FullyQualifiedErrorId : Nat 
   iveCommandError
 
WARNING: java.lang.System::load 
has been called by org.fusesource.
jansi.internal.JansiLoader in an 
unnamed module (file:/D:/Projects/
GitHub/it3030-paf-2026-smart-campu
s-group11/smart-campus/backend/.to
ols/apache-maven-3.9.9/lib/jansi-2
.4.1.jar)
WARNING: Use --enable-native-acces
s=ALL-UNNAMED to avoid a warning 
for callers in this module
WARNING: Restricted methods will 
be blocked in a future release 
unless native access is enabled

WARNING: A terminally deprecated 
method in sun.misc.Unsafe has 
been called
WARNING: sun.misc.Unsafe::objectFi
eldOffset has been called by com.g
oogle.common.util.concurrent.Abstr
actFuture$UnsafeAtomicHelper (file
:/D:/Projects/GitHub/it3030-paf-20
26-smart-campus-group11/smart-camp
us/backend/.tools/apache-maven-3.9
.9/lib/guava-33.2.1-jre.jar)
WARNING: Please consider 
reporting this to the maintainers 
of class com.google.common.util.co
ncurrent.AbstractFuture$UnsafeAtom
icHelper
WARNING: sun.misc.Unsafe::objectFi
eldOffset will be removed in a 
future release
[INFO] Scanning for projects...
[INFO] 
[INFO] ----------------< com.smartcampus:smart-campus-backend >----------------
[INFO] Building smart-campus-backend 0.0.1-SNAPSHOT
[INFO]   from pom.xml
[INFO] --------------------------------[ jar ]---------------------------------
[INFO] 
[INFO] >>> spring-boot:3.3.4:run (default-cli) > test-compile @ smart-campus-backend >>>
[INFO] 
[INFO] --- resources:3.3.1:resources (default-resources) @ smart-campus-backend ---
[INFO] Copying 1 resource from src\main\resources to target\classes
[INFO] Copying 1 resource from src\main\resources to target\classes
[INFO] 
[INFO] --- compiler:3.13.0:compile (default-compile) @ smart-campus-backend ---
[INFO] Recompiling the module because of changed source code.
[INFO] Compiling 55 source files with javac [debug parameters release 17] to target\classes
[INFO] -------------------------------------------------------------
[ERROR] COMPILATION ERROR : 
[INFO] -------------------------------------------------------------
[ERROR] /D:/Projects/GitHub/it3030-paf-2026-smart-campus-group11/smart-campus/backend/src/main/java/com/smartcampus/auth/controller/AuthController.java:[22,31] variable authService not initialized in the default constructor
[ERROR] /D:/Projects/GitHub/it3030-paf-2026-smart-campus-group11/smart-campus/backend/src/main/java/com/smartcampus/auth/controller/AuthController.java:[23,31] variable userService not initialized in the default constructor
[ERROR] /D:/Projects/GitHub/it3030-paf-2026-smart-campus-group11/smart-campus/backend/src/main/java/com/smartcampus/user/service/UserService.java:[38,29] cannot find symbol
  symbol:   method setGoogleId(java.lang.String)
  location: variable existing of type com.smartcampus.user.entity.User
[ERROR] /D:/Projects/GitHub/it3030-paf-2026-smart-campus-group11/smart-campus/backend/src/main/java/com/smartcampus/user/service/UserService.java:[39,29] cannot find symbol
  symbol:   method setFullName(java.lang.String)
  location: variable existing of type com.smartcampus.user.entity.User
[ERROR] /D:/Projects/GitHub/it3030-paf-2026-smart-campus-group11/smart-campus/backend/src/main/java/com/smartcampus/user/service/UserService.java:[40,29] cannot find symbol
  symbol:   method setPictureUrl(java.lang.String)
  location: variable existing of type com.smartcampus.user.entity.User
[ERROR] /D:/Projects/GitHub/it3030-paf-2026-smart-campus-group11/smart-campus/backend/src/main/java/com/smartcampus/user/service/UserService.java:[53,33] cannot find symbol
  symbol:   method getRoles()
  location: variable user of type com.smartcampus.user.entity.User
[ERROR] /D:/Projects/GitHub/it3030-paf-2026-smart-campus-group11/smart-campus/backend/src/main/java/com/smartcampus/user/service/UserService.java:[58,21] cannot find symbol
  symbol:   method getId()
  location: variable user of type com.smartcampus.user.entity.User
[ERROR] /D:/Projects/GitHub/it3030-paf-2026-smart-campus-group11/smart-campus/backend/src/main/java/com/smartcampus/user/service/UserService.java:[59,21] cannot find symbol
  symbol:   method getEmail()
  location: variable user of type com.smartcampus.user.entity.User
[ERROR] /D:/Projects/GitHub/it3030-paf-2026-smart-campus-group11/smart-campus/backend/src/main/java/com/smartcampus/user/service/UserService.java:[60,21] cannot find symbol
  symbol:   method getFullName()
  location: variable user of type com.smartcampus.user.entity.User
[ERROR] /D:/Projects/GitHub/it3030-paf-2026-smart-campus-group11/smart-campus/backend/src/main/java/com/smartcampus/user/service/UserService.java:[61,21] cannot find symbol
  symbol:   method getPictureUrl()
  location: variable user of type com.smartcampus.user.entity.User
[ERROR] /D:/Projects/GitHub/it3030-paf-2026-smart-campus-group11/smart-campus/backend/src/main/java/com/smartcampus/user/service/UserService.java:[68,13] cannot find symbol
  symbol:   method setGoogleId(java.lang.String)
  location: variable user of type com.smartcampus.user.entity.User
[ERROR] /D:/Projects/GitHub/it3030-paf-2026-smart-campus-group11/smart-campus/backend/src/main/java/com/smartcampus/user/service/UserService.java:[69,13] cannot find symbol
  symbol:   method setEmail(java.lang.String)
  location: variable user of type com.smartcampus.user.entity.User
[ERROR] /D:/Projects/GitHub/it3030-paf-2026-smart-campus-group11/smart-campus/backend/src/main/java/com/smartcampus/user/service/UserService.java:[70,13] cannot find symbol
  symbol:   method setFullName(java.lang.String)
  location: variable user of type com.smartcampus.user.entity.User
[ERROR] /D:/Projects/GitHub/it3030-paf-2026-smart-campus-group11/smart-campus/backend/src/main/java/com/smartcampus/user/service/UserService.java:[71,13] cannot find symbol
  symbol:   method setPictureUrl(java.lang.String)
  location: variable user of type com.smartcampus.user.entity.User
[ERROR] /D:/Projects/GitHub/it3030-paf-2026-smart-campus-group11/smart-campus/backend/src/main/java/com/smartcampus/user/service/UserService.java:[78,17] cannot find symbol
  symbol:   method getRoles()
  location: variable user of type com.smartcampus.user.entity.User
[ERROR] /D:/Projects/GitHub/it3030-paf-2026-smart-campus-group11/smart-campus/backend/src/main/java/com/smartcampus/user/service/UserService.java:[86,17] cannot find symbol
  symbol:   method getRoles()
  location: variable user of type com.smartcampus.user.entity.User
[ERROR] /D:/Projects/GitHub/it3030-paf-2026-smart-campus-group11/smart-campus/backend/src/main/java/com/smartcampus/user/service/UserService.java:[89,13] cannot find symbol
  symbol:   method getRoles()
  location: variable user of type com.smartcampus.user.entity.User
[ERROR] /D:/Projects/GitHub/it3030-paf-2026-smart-campus-group11/smart-campus/backend/src/main/java/com/smartcampus/user/service/UserService.java:[93,17] cannot find symbol
  symbol:   method getRoles()
  location: variable user of type com.smartcampus.user.entity.User
[ERROR] /D:/Projects/GitHub/it3030-paf-2026-smart-campus-group11/smart-campus/backend/src/main/java/com/smartcampus/user/service/UserService.java:[93,44] cannot find symbol
  symbol:   method getRoles()
  location: variable user of type com.smartcampus.user.entity.User
[ERROR] /D:/Projects/GitHub/it3030-paf-2026-smart-campus-group11/smart-campus/backend/src/main/java/com/smartcampus/user/service/UserService.java:[94,17] cannot find symbol
  symbol:   method getRoles()
  location: variable user of type com.smartcampus.user.entity.User
[ERROR] /D:/Projects/GitHub/it3030-paf-2026-smart-campus-group11/smart-campus/backend/src/main/java/com/smartcampus/user/service/UserService.java:[127,25] cannot find symbol
  symbol:   method setName(com.smartcampus.user.entity.RoleName)
  location: variable role of type com.smartcampus.user.entity.Role
[ERROR] /D:/Projects/GitHub/it3030-paf-2026-smart-campus-group11/smart-campus/backend/src/main/java/com/smartcampus/booking/service/BookingService.java:[30,16] cannot find symbol
  symbol:   method setOwner(com.smartcampus.user.entity.User)
  location: variable booking of type com.smartcampus.booking.entity.Booking
[ERROR] /D:/Projects/GitHub/it3030-paf-2026-smart-campus-group11/smart-campus/backend/src/main/java/com/smartcampus/booking/service/BookingService.java:[31,16] cannot find symbol
  symbol:   method setTitle(java.lang.String)
  location: variable booking of type com.smartcampus.booking.entity.Booking
[ERROR] /D:/Projects/GitHub/it3030-paf-2026-smart-campus-group11/smart-campus/backend/src/main/java/com/smartcampus/booking/service/BookingService.java:[32,16] cannot find symbol
  symbol:   method setStatus(com.smartcampus.booking.entity.BookingStatus)
  location: variable booking of type com.smartcampus.booking.entity.Booking
[ERROR] /D:/Projects/GitHub/it3030-paf-2026-smart-campus-group11/smart-campus/backend/src/main/java/com/smartcampus/booking/service/BookingService.java:[33,16] cannot find symbol
  symbol:   method setCreatedAt(java.time.LocalDateTime)
  location: variable booking of type com.smartcampus.booking.entity.Booking
[ERROR] /D:/Projects/GitHub/it3030-paf-2026-smart-campus-group11/smart-campus/backend/src/main/java/com/smartcampus/booking/service/BookingService.java:[34,16] cannot find symbol
  symbol:   method setUpdatedAt(java.time.LocalDateTime)
  location: variable booking of type com.smartcampus.booking.entity.Booking
[ERROR] /D:/Projects/GitHub/it3030-paf-2026-smart-campus-group11/smart-campus/backend/src/main/java/com/smartcampus/booking/service/BookingService.java:[44,16] cannot find symbol
  symbol:   method setStatus(com.smartcampus.booking.entity.BookingStatus)
  location: variable booking of type com.smartcampus.booking.entity.Booking
[ERROR] /D:/Projects/GitHub/it3030-paf-2026-smart-campus-group11/smart-campus/backend/src/main/java/com/smartcampus/booking/service/BookingService.java:[45,16] cannot find symbol
  symbol:   method setUpdatedAt(java.time.LocalDateTime)
  location: variable booking of type com.smartcampus.booking.entity.Booking
[ERROR] /D:/Projects/GitHub/it3030-paf-2026-smart-campus-group11/smart-campus/backend/src/main/java/com/smartcampus/booking/service/BookingService.java:[49,68] cannot find symbol
  symbol:   method getOwner()
  location: variable saved of type com.smartcampus.booking.entity.Booking
[ERROR] /D:/Projects/GitHub/it3030-paf-2026-smart-campus-group11/smart-campus/backend/src/main/java/com/smartcampus/booking/service/BookingService.java:[49,94] cannot find symbol
  symbol:   method getId()
  location: variable saved of type com.smartcampus.booking.entity.Booking
[ERROR] /D:/Projects/GitHub/it3030-paf-2026-smart-campus-group11/smart-campus/backend/src/main/java/com/smartcampus/booking/service/BookingService.java:[59,16] cannot find symbol
  symbol:   method setStatus(com.smartcampus.booking.entity.BookingStatus)
  location: variable booking of type com.smartcampus.booking.entity.Booking
[ERROR] /D:/Projects/GitHub/it3030-paf-2026-smart-campus-group11/smart-campus/backend/src/main/java/com/smartcampus/booking/service/BookingService.java:[60,16] cannot find symbol
  symbol:   method setUpdatedAt(java.time.LocalDateTime)
  location: variable booking of type com.smartcampus.booking.entity.Booking
[ERROR] /D:/Projects/GitHub/it3030-paf-2026-smart-campus-group11/smart-campus/backend/src/main/java/com/smartcampus/booking/service/BookingService.java:[64,68] cannot find symbol
  symbol:   method getOwner()
  location: variable saved of type com.smartcampus.booking.entity.Booking
[ERROR] /D:/Projects/GitHub/it3030-paf-2026-smart-campus-group11/smart-campus/backend/src/main/java/com/smartcampus/booking/service/BookingService.java:[64,94] cannot find symbol
  symbol:   method getId()
  location: variable saved of type com.smartcampus.booking.entity.Booking
[ERROR] /D:/Projects/GitHub/it3030-paf-2026-smart-campus-group11/smart-campus/backend/src/main/java/com/smartcampus/booking/service/BookingService.java:[71,24] cannot find symbol
  symbol:   method getId()
  location: variable booking of type com.smartcampus.booking.entity.Booking
[ERROR] /D:/Projects/GitHub/it3030-paf-2026-smart-campus-group11/smart-campus/backend/src/main/java/com/smartcampus/booking/service/BookingService.java:[72,24] cannot find symbol
  symbol:   method getTitle()
  location: variable booking of type com.smartcampus.booking.entity.Booking
[ERROR] /D:/Projects/GitHub/it3030-paf-2026-smart-campus-group11/smart-campus/backend/src/main/java/com/smartcampus/booking/service/BookingService.java:[73,24] cannot find symbol
  symbol:   method getStatus()
  location: variable booking of type com.smartcampus.booking.entity.Booking
[ERROR] /D:/Projects/GitHub/it3030-paf-2026-smart-campus-group11/smart-campus/backend/src/main/java/com/smartcampus/booking/service/BookingService.java:[74,24] cannot find symbol
  symbol:   method getOwner()
  location: variable booking of type com.smartcampus.booking.entity.Booking
[ERROR] /D:/Projects/GitHub/it3030-paf-2026-smart-campus-group11/smart-campus/backend/src/main/java/com/smartcampus/booking/service/BookingService.java:[75,24] cannot find symbol
  symbol:   method getCreatedAt()
  location: variable booking of type com.smartcampus.booking.entity.Booking
[ERROR] /D:/Projects/GitHub/it3030-paf-2026-smart-campus-group11/smart-campus/backend/src/main/java/com/smartcampus/booking/service/BookingService.java:[76,24] cannot find symbol
  symbol:   method getUpdatedAt()
  location: variable booking of type com.smartcampus.booking.entity.Booking
[ERROR] /D:/Projects/GitHub/it3030-paf-2026-smart-campus-group11/smart-campus/backend/src/main/java/com/smartcampus/notification/service/NotificationService.java:[32,81] cannot find symbol
  symbol:   method getId()
  location: variable user of type com.smartcampus.user.entity.User
[ERROR] /D:/Projects/GitHub/it3030-paf-2026-smart-campus-group11/smart-campus/backend/src/main/java/com/smartcampus/notification/service/NotificationService.java:[40,82] cannot find symbol
  symbol:   method getId()
  location: variable user of type com.smartcampus.user.entity.User
[ERROR] /D:/Projects/GitHub/it3030-paf-2026-smart-campus-group11/smart-campus/backend/src/main/java/com/smartcampus/notification/service/NotificationService.java:[47,103] cannot find symbol
  symbol:   method getId()
  location: variable user of type com.smartcampus.user.entity.User
[ERROR] /D:/Projects/GitHub/it3030-paf-2026-smart-campus-group11/smart-campus/backend/src/main/java/com/smartcampus/notification/service/NotificationService.java:[50,21] cannot find symbol
  symbol:   method setRead(boolean)
  location: variable notification of type com.smartcampus.notification.entity.Notification
[ERROR] /D:/Projects/GitHub/it3030-paf-2026-smart-campus-group11/smart-campus/backend/src/main/java/com/smartcampus/notification/service/NotificationService.java:[51,21] cannot find symbol
  symbol:   method setReadAt(java.time.LocalDateTime)
  location: variable notification of type com.smartcampus.notification.entity.Notification
[ERROR] /D:/Projects/GitHub/it3030-paf-2026-smart-campus-group11/smart-campus/backend/src/main/java/com/smartcampus/notification/service/NotificationService.java:[58,109] cannot find symbol
  symbol:   method getId()
  location: variable user of type com.smartcampus.user.entity.User
[ERROR] /D:/Projects/GitHub/it3030-paf-2026-smart-campus-group11/smart-campus/backend/src/main/java/com/smartcampus/notification/service/NotificationService.java:[61,30] cannot find symbol
  symbol:   method isRead()
  location: variable notification of type com.smartcampus.notification.entity.Notification
[ERROR] /D:/Projects/GitHub/it3030-paf-2026-smart-campus-group11/smart-campus/backend/src/main/java/com/smartcampus/notification/service/NotificationService.java:[62,29] cannot find symbol
  symbol:   method setRead(boolean)
  location: variable notification of type com.smartcampus.notification.entity.Notification
[ERROR] /D:/Projects/GitHub/it3030-paf-2026-smart-campus-group11/smart-campus/backend/src/main/java/com/smartcampus/notification/service/NotificationService.java:[63,29] cannot find symbol
  symbol:   method setReadAt(java.time.LocalDateTime)
  location: variable notification of type com.smartcampus.notification.entity.Notification
[ERROR] /D:/Projects/GitHub/it3030-paf-2026-smart-campus-group11/smart-campus/backend/src/main/java/com/smartcampus/notification/service/NotificationService.java:[105,21] cannot find symbol
  symbol:   method setTitle(java.lang.String)
  location: variable notification of type com.smartcampus.notification.entity.Notification
[ERROR] /D:/Projects/GitHub/it3030-paf-2026-smart-campus-group11/smart-campus/backend/src/main/java/com/smartcampus/notification/service/NotificationService.java:[106,21] cannot find symbol
  symbol:   method setMessage(java.lang.String)
  location: variable notification of type com.smartcampus.notification.entity.Notification
[ERROR] /D:/Projects/GitHub/it3030-paf-2026-smart-campus-group11/smart-campus/backend/src/main/java/com/smartcampus/notification/service/NotificationService.java:[107,21] cannot find symbol
  symbol:   method setType(com.smartcampus.notification.entity.NotificationType)
  location: variable notification of type com.smartcampus.notification.entity.Notification
[ERROR] /D:/Projects/GitHub/it3030-paf-2026-smart-campus-group11/smart-campus/backend/src/main/java/com/smartcampus/notification/service/NotificationService.java:[108,21] cannot find symbol
  symbol:   method setRecipient(com.smartcampus.user.entity.User)
  location: variable notification of type com.smartcampus.notification.entity.Notification
[ERROR] /D:/Projects/GitHub/it3030-paf-2026-smart-campus-group11/smart-campus/backend/src/main/java/com/smartcampus/notification/service/NotificationService.java:[109,21] cannot find symbol
  symbol:   method setCreatedBy(com.smartcampus.user.entity.User)
  location: variable notification of type com.smartcampus.notification.entity.Notification
[ERROR] /D:/Projects/GitHub/it3030-paf-2026-smart-campus-group11/smart-campus/backend/src/main/java/com/smartcampus/notification/service/NotificationService.java:[134,21] cannot find symbol
  symbol:   method setRecipient(com.smartcampus.user.entity.User)
  location: variable notification of type com.smartcampus.notification.entity.Notification
[ERROR] /D:/Projects/GitHub/it3030-paf-2026-smart-campus-group11/smart-campus/backend/src/main/java/com/smartcampus/notification/service/NotificationService.java:[135,21] cannot find symbol
  symbol:   method setTitle(java.lang.String)
  location: variable notification of type com.smartcampus.notification.entity.Notification
[ERROR] /D:/Projects/GitHub/it3030-paf-2026-smart-campus-group11/smart-campus/backend/src/main/java/com/smartcampus/notification/service/NotificationService.java:[136,21] cannot find symbol
  symbol:   method setMessage(java.lang.String)
  location: variable notification of type com.smartcampus.notification.entity.Notification
[ERROR] /D:/Projects/GitHub/it3030-paf-2026-smart-campus-group11/smart-campus/backend/src/main/java/com/smartcampus/notification/service/NotificationService.java:[137,21] cannot find symbol
  symbol:   method setType(com.smartcampus.notification.entity.NotificationType)
  location: variable notification of type com.smartcampus.notification.entity.Notification
[ERROR] /D:/Projects/GitHub/it3030-paf-2026-smart-campus-group11/smart-campus/backend/src/main/java/com/smartcampus/notification/service/NotificationService.java:[138,21] cannot find symbol
  symbol:   method setRead(boolean)
  location: variable notification of type com.smartcampus.notification.entity.Notification
[ERROR] /D:/Projects/GitHub/it3030-paf-2026-smart-campus-group11/smart-campus/backend/src/main/java/com/smartcampus/notification/service/NotificationService.java:[139,21] cannot find symbol
  symbol:   method setCreatedAt(java.time.LocalDateTime)
  location: variable notification of type com.smartcampus.notification.entity.Notification
[ERROR] /D:/Projects/GitHub/it3030-paf-2026-smart-campus-group11/smart-campus/backend/src/main/java/com/smartcampus/notification/service/NotificationService.java:[146,66] cannot find symbol
  symbol:   method isBookingNotificationsEnabled()
  location: variable preference of type com.smartcampus.notification.entity.NotificationPreference
[ERROR] /D:/Projects/GitHub/it3030-paf-2026-smart-campus-group11/smart-campus/backend/src/main/java/com/smartcampus/notification/service/NotificationService.java:[147,53] cannot find symbol
  symbol:   method isTicketNotificationsEnabled()
  location: variable preference of type com.smartcampus.notification.entity.NotificationPreference
[ERROR] /D:/Projects/GitHub/it3030-paf-2026-smart-campus-group11/smart-campus/backend/src/main/java/com/smartcampus/notification/service/NotificationService.java:[148,43] cannot find symbol
  symbol:   method isCommentNotificationsEnabled()
  location: variable preference of type com.smartcampus.notification.entity.NotificationPreference
[ERROR] /D:/Projects/GitHub/it3030-paf-2026-smart-campus-group11/smart-campus/backend/src/main/java/com/smartcampus/notification/service/NotificationService.java:[158,30] cannot find symbol
  symbol:   method isRead()
  location: variable notification of type com.smartcampus.notification.entity.Notification
[ERROR] /D:/Projects/GitHub/it3030-paf-2026-smart-campus-group11/smart-campus/backend/src/main/java/com/smartcampus/notification/service/NotificationService.java:[154,29] cannot find symbol
  symbol:   method getId()
  location: variable notification of type com.smartcampus.notification.entity.Notification
[ERROR] /D:/Projects/GitHub/it3030-paf-2026-smart-campus-group11/smart-campus/backend/src/main/java/com/smartcampus/notification/service/NotificationService.java:[155,29] cannot find symbol
  symbol:   method getTitle()
  location: variable notification of type com.smartcampus.notification.entity.Notification
[ERROR] /D:/Projects/GitHub/it3030-paf-2026-smart-campus-group11/smart-campus/backend/src/main/java/com/smartcampus/notification/service/NotificationService.java:[156,29] cannot find symbol
  symbol:   method getMessage()
  location: variable notification of type com.smartcampus.notification.entity.Notification
[ERROR] /D:/Projects/GitHub/it3030-paf-2026-smart-campus-group11/smart-campus/backend/src/main/java/com/smartcampus/notification/service/NotificationService.java:[157,29] cannot find symbol
  symbol:   method getType()
  location: variable notification of type com.smartcampus.notification.entity.Notification
[ERROR] /D:/Projects/GitHub/it3030-paf-2026-smart-campus-group11/smart-campus/backend/src/main/java/com/smartcampus/notification/service/NotificationService.java:[159,29] cannot find symbol
  symbol:   method getCreatedAt()
  location: variable notification of type com.smartcampus.notification.entity.Notification
[ERROR] /D:/Projects/GitHub/it3030-paf-2026-smart-campus-group11/smart-campus/backend/src/main/java/com/smartcampus/notification/service/NotificationService.java:[160,29] cannot find symbol
  symbol:   method getReadAt()
  location: variable notification of type com.smartcampus.notification.entity.Notification
[ERROR] /D:/Projects/GitHub/it3030-paf-2026-smart-campus-group11/smart-campus/backend/src/main/java/com/smartcampus/notification/service/NotificationService.java:[161,29] cannot find symbol
  symbol:   method getRecipient()
  location: variable notification of type com.smartcampus.notification.entity.Notification
[ERROR] /D:/Projects/GitHub/it3030-paf-2026-smart-campus-group11/smart-campus/backend/src/main/java/com/smartcampus/notification/service/NotificationPreferenceService.java:[32,19] cannot find symbol
  symbol:   method setBookingNotificationsEnabled(java.lang.Boolean)
  location: variable preference of type com.smartcampus.notification.entity.NotificationPreference
[ERROR] /D:/Projects/GitHub/it3030-paf-2026-smart-campus-group11/smart-campus/backend/src/main/java/com/smartcampus/notification/service/NotificationPreferenceService.java:[33,19] cannot find symbol
  symbol:   method setTicketNotificationsEnabled(java.lang.Boolean)
  location: variable preference of type com.smartcampus.notification.entity.NotificationPreference
[ERROR] /D:/Projects/GitHub/it3030-paf-2026-smart-campus-group11/smart-campus/backend/src/main/java/com/smartcampus/notification/service/NotificationPreferenceService.java:[34,19] cannot find symbol
  symbol:   method setCommentNotificationsEnabled(java.lang.Boolean)
  location: variable preference of type com.smartcampus.notification.entity.NotificationPreference
[ERROR] /D:/Projects/GitHub/it3030-paf-2026-smart-campus-group11/smart-campus/backend/src/main/java/com/smartcampus/notification/service/NotificationPreferenceService.java:[35,19] cannot find symbol
  symbol:   method setEmailNotificationsEnabled(java.lang.Boolean)
  location: variable preference of type com.smartcampus.notification.entity.NotificationPreference
[ERROR] /D:/Projects/GitHub/it3030-paf-2026-smart-campus-group11/smart-campus/backend/src/main/java/com/smartcampus/notification/service/NotificationPreferenceService.java:[42,54] cannot find symbol
  symbol:   method getId()
  location: variable user of type com.smartcampus.user.entity.User
[ERROR] /D:/Projects/GitHub/it3030-paf-2026-smart-campus-group11/smart-campus/backend/src/main/java/com/smartcampus/notification/service/NotificationPreferenceService.java:[45,31] cannot find symbol
  symbol:   method setUser(com.smartcampus.user.entity.User)
  location: variable preference of type com.smartcampus.notification.entity.NotificationPreference
[ERROR] /D:/Projects/GitHub/it3030-paf-2026-smart-campus-group11/smart-campus/backend/src/main/java/com/smartcampus/notification/service/NotificationPreferenceService.java:[52,27] cannot find symbol
  symbol:   method isBookingNotificationsEnabled()
  location: variable preference of type com.smartcampus.notification.entity.NotificationPreference
[ERROR] /D:/Projects/GitHub/it3030-paf-2026-smart-campus-group11/smart-campus/backend/src/main/java/com/smartcampus/notification/service/NotificationPreferenceService.java:[53,27] cannot find symbol
  symbol:   method isTicketNotificationsEnabled()
  location: variable preference of type com.smartcampus.notification.entity.NotificationPreference
[ERROR] /D:/Projects/GitHub/it3030-paf-2026-smart-campus-group11/smart-campus/backend/src/main/java/com/smartcampus/notification/service/NotificationPreferenceService.java:[54,27] cannot find symbol
  symbol:   method isCommentNotificationsEnabled()
  location: variable preference of type com.smartcampus.notification.entity.NotificationPreference
[ERROR] /D:/Projects/GitHub/it3030-paf-2026-smart-campus-group11/smart-campus/backend/src/main/java/com/smartcampus/notification/service/NotificationPreferenceService.java:[55,27] cannot find symbol
  symbol:   method isEmailNotificationsEnabled()
  location: variable preference of type com.smartcampus.notification.entity.NotificationPreference
[ERROR] /D:/Projects/GitHub/it3030-paf-2026-smart-campus-group11/smart-campus/backend/src/main/java/com/smartcampus/security/CustomOAuth2UserService.java:[43,13] cannot find symbol
  symbol:   method getRoles()
  location: variable user of type com.smartcampus.user.entity.User
[ERROR] /D:/Projects/GitHub/it3030-paf-2026-smart-campus-group11/smart-campus/backend/src/main/java/com/smartcampus/resource/service/impl/ResourceServiceImpl.java:[57,37] cannot find symbol
  symbol:   method builder()
  location: class com.smartcampus.resource.model.Resource
[ERROR] /D:/Projects/GitHub/it3030-paf-2026-smart-campus-group11/smart-campus/backend/src/main/java/com/smartcampus/resource/service/impl/ResourceServiceImpl.java:[58,33] cannot find symbol
  symbol:   method getName()
  location: variable requestDTO of type com.smartcampus.resource.dto.ResourceRequestDTO
[ERROR] /D:/Projects/GitHub/it3030-paf-2026-smart-campus-group11/smart-campus/backend/src/main/java/com/smartcampus/resource/service/impl/ResourceServiceImpl.java:[59,33] cannot find symbol
  symbol:   method getType()
  location: variable requestDTO of type com.smartcampus.resource.dto.ResourceRequestDTO
[ERROR] /D:/Projects/GitHub/it3030-paf-2026-smart-campus-group11/smart-campus/backend/src/main/java/com/smartcampus/resource/service/impl/ResourceServiceImpl.java:[60,37] cannot find symbol
  symbol:   method getCapacity()
  location: variable requestDTO of type com.smartcampus.resource.dto.ResourceRequestDTO
[ERROR] /D:/Projects/GitHub/it3030-paf-2026-smart-campus-group11/smart-campus/backend/src/main/java/com/smartcampus/resource/service/impl/ResourceServiceImpl.java:[61,37] cannot find symbol
  symbol:   method getLocation()
  location: variable requestDTO of type com.smartcampus.resource.dto.ResourceRequestDTO
[ERROR] /D:/Projects/GitHub/it3030-paf-2026-smart-campus-group11/smart-campus/backend/src/main/java/com/smartcampus/resource/service/impl/ResourceServiceImpl.java:[62,48] cannot find symbol
  symbol:   method getAvailabilityWindows()
  location: variable requestDTO of type com.smartcampus.resource.dto.ResourceRequestDTO
[ERROR] /D:/Projects/GitHub/it3030-paf-2026-smart-campus-group11/smart-campus/backend/src/main/java/com/smartcampus/resource/service/impl/ResourceServiceImpl.java:[63,35] cannot find symbol
  symbol:   method getStatus()
  location: variable requestDTO of type com.smartcampus.resource.dto.ResourceRequestDTO
[ERROR] /D:/Projects/GitHub/it3030-paf-2026-smart-campus-group11/smart-campus/backend/src/main/java/com/smartcampus/resource/service/impl/ResourceServiceImpl.java:[63,68] cannot find symbol
  symbol:   method getStatus()
  location: variable requestDTO of type com.smartcampus.resource.dto.ResourceRequestDTO
[ERROR] /D:/Projects/GitHub/it3030-paf-2026-smart-campus-group11/smart-campus/backend/src/main/java/com/smartcampus/resource/service/impl/ResourceServiceImpl.java:[64,40] cannot find symbol
  symbol:   method getDescription()
  location: variable requestDTO of type com.smartcampus.resource.dto.ResourceRequestDTO
[ERROR] /D:/Projects/GitHub/it3030-paf-2026-smart-campus-group11/smart-campus/backend/src/main/java/com/smartcampus/resource/service/impl/ResourceServiceImpl.java:[75,36] cannot find symbol
  symbol:   method getName()
  location: variable requestDTO of type com.smartcampus.resource.dto.ResourceRequestDTO
[ERROR] /D:/Projects/GitHub/it3030-paf-2026-smart-campus-group11/smart-campus/backend/src/main/java/com/smartcampus/resource/service/impl/ResourceServiceImpl.java:[76,36] cannot find symbol
  symbol:   method getType()
  location: variable requestDTO of type com.smartcampus.resource.dto.ResourceRequestDTO
[ERROR] /D:/Projects/GitHub/it3030-paf-2026-smart-campus-group11/smart-campus/backend/src/main/java/com/smartcampus/resource/service/impl/ResourceServiceImpl.java:[77,40] cannot find symbol
  symbol:   method getCapacity()
  location: variable requestDTO of type com.smartcampus.resource.dto.ResourceRequestDTO
[ERROR] /D:/Projects/GitHub/it3030-paf-2026-smart-campus-group11/smart-campus/backend/src/main/java/com/smartcampus/resource/service/impl/ResourceServiceImpl.java:[78,40] cannot find symbol
  symbol:   method getLocation()
  location: variable requestDTO of type com.smartcampus.resource.dto.ResourceRequestDTO
[ERROR] /D:/Projects/GitHub/it3030-paf-2026-smart-campus-group11/smart-campus/backend/src/main/java/com/smartcampus/resource/service/impl/ResourceServiceImpl.java:[79,51] cannot find symbol
  symbol:   method getAvailabilityWindows()
  location: variable requestDTO of type com.smartcampus.resource.dto.ResourceRequestDTO
[ERROR] /D:/Projects/GitHub/it3030-paf-2026-smart-campus-group11/smart-campus/backend/src/main/java/com/smartcampus/resource/service/impl/ResourceServiceImpl.java:[80,23] cannot find symbol
  symbol:   method getStatus()
  location: variable requestDTO of type com.smartcampus.resource.dto.ResourceRequestDTO
[ERROR] /D:/Projects/GitHub/it3030-paf-2026-smart-campus-group11/smart-campus/backend/src/main/java/com/smartcampus/resource/service/impl/ResourceServiceImpl.java:[81,42] cannot find symbol
  symbol:   method getStatus()
  location: variable requestDTO of type com.smartcampus.resource.dto.ResourceRequestDTO
[ERROR] /D:/Projects/GitHub/it3030-paf-2026-smart-campus-group11/smart-campus/backend/src/main/java/com/smartcampus/resource/service/impl/ResourceServiceImpl.java:[83,43] cannot find symbol
  symbol:   method getDescription()
  location: variable requestDTO of type com.smartcampus.resource.dto.ResourceRequestDTO
[ERROR] /D:/Projects/GitHub/it3030-paf-2026-smart-campus-group11/smart-campus/backend/src/main/java/com/smartcampus/resource/service/impl/ResourceServiceImpl.java:[98,17] cannot find symbol
  symbol:   method setStatus(com.smartcampus.resource.model.enums.ResourceStatus)
  location: variable resource of type com.smartcampus.resource.model.Resource
[INFO] 100 errors 
[INFO] -------------------------------------------------------------
[INFO] ------------------------------------------------------------------------
[INFO] BUILD FAILURE
[INFO] ------------------------------------------------------------------------
[INFO] Total time:  2.501 s
[INFO] Finished at: 2026-04-21T07:13:32+05:30
[INFO] ------------------------------------------------------------------------
[ERROR] Failed to execute goal org.apache.maven.plugins:maven-compiler-plugin:3.13.0:compile (default-compile) on project smart-campus-backend: Compilation failure: Compilation failure: 
[ERROR] /D:/Projects/GitHub/it3030-paf-2026-smart-campus-group11/smart-campus/backend/src/main/java/com/smartcampus/auth/controller/AuthController.java:[22,31] variable authService not initialized in the default constructor
[ERROR] /D:/Projects/GitHub/it3030-paf-2026-smart-campus-group11/smart-campus/backend/src/main/java/com/smartcampus/auth/controller/AuthController.java:[23,31] variable userService not initialized in the default constructor
[ERROR] /D:/Projects/GitHub/it3030-paf-2026-smart-campus-group11/smart-campus/backend/src/main/java/com/smartcampus/user/service/UserService.java:[38,29] cannot find symbol
[ERROR]   symbol:   method setGoogleId(java.lang.String)
[ERROR]   location: variable existing of type com.smartcampus.user.entity.User
[ERROR] /D:/Projects/GitHub/it3030-paf-2026-smart-campus-group11/smart-campus/backend/src/main/java/com/smartcampus/user/service/UserService.java:[39,29] cannot find symbol
[ERROR]   symbol:   method setFullName(java.lang.String)
[ERROR]   location: variable existing of type com.smartcampus.user.entity.User
[ERROR] /D:/Projects/GitHub/it3030-paf-2026-smart-campus-group11/smart-campus/backend/src/main/java/com/smartcampus/user/service/UserService.java:[40,29] cannot find symbol
[ERROR]   symbol:   method setPictureUrl(java.lang.String)
[ERROR]   location: variable existing of type com.smartcampus.user.entity.User
[ERROR] /D:/Projects/GitHub/it3030-paf-2026-smart-campus-group11/smart-campus/backend/src/main/java/com/smartcampus/user/service/UserService.java:[53,33] cannot find symbol
[ERROR]   symbol:   method getRoles()
[ERROR]   location: variable user of type com.smartcampus.user.entity.User
[ERROR] /D:/Projects/GitHub/it3030-paf-2026-smart-campus-group11/smart-campus/backend/src/main/java/com/smartcampus/user/service/UserService.java:[58,21] cannot find symbol
[ERROR]   symbol:   method getId()
[ERROR]   location: variable user of type com.smartcampus.user.entity.User
[ERROR] /D:/Projects/GitHub/it3030-paf-2026-smart-campus-group11/smart-campus/backend/src/main/java/com/smartcampus/user/service/UserService.java:[59,21] cannot find symbol
[ERROR]   symbol:   method getEmail()
[ERROR]   location: variable user of type com.smartcampus.user.entity.User
[ERROR] /D:/Projects/GitHub/it3030-paf-2026-smart-campus-group11/smart-campus/backend/src/main/java/com/smartcampus/user/service/UserService.java:[60,21] cannot find symbol
[ERROR]   symbol:   method getFullName()
[ERROR]   location: variable user of type com.smartcampus.user.entity.User
[ERROR] /D:/Projects/GitHub/it3030-paf-2026-smart-campus-group11/smart-campus/backend/src/main/java/com/smartcampus/user/service/UserService.java:[61,21] cannot find symbol
[ERROR]   symbol:   method getPictureUrl()
[ERROR]   location: variable user of type com.smartcampus.user.entity.User
[ERROR] /D:/Projects/GitHub/it3030-paf-2026-smart-campus-group11/smart-campus/backend/src/main/java/com/smartcampus/user/service/UserService.java:[68,13] cannot find symbol
[ERROR]   symbol:   method setGoogleId(java.lang.String)
[ERROR]   location: variable user of type com.smartcampus.user.entity.User
[ERROR] /D:/Projects/GitHub/it3030-paf-2026-smart-campus-group11/smart-campus/backend/src/main/java/com/smartcampus/user/service/UserService.java:[69,13] cannot find symbol
[ERROR]   symbol:   method setEmail(java.lang.String)
[ERROR]   location: variable user of type com.smartcampus.user.entity.User
[ERROR] /D:/Projects/GitHub/it3030-paf-2026-smart-campus-group11/smart-campus/backend/src/main/java/com/smartcampus/user/service/UserService.java:[70,13] cannot find symbol
[ERROR]   symbol:   method setFullName(java.lang.String)
[ERROR]   location: variable user of type com.smartcampus.user.entity.User
[ERROR] /D:/Projects/GitHub/it3030-paf-2026-smart-campus-group11/smart-campus/backend/src/main/java/com/smartcampus/user/service/UserService.java:[71,13] cannot find symbol
[ERROR]   symbol:   method setPictureUrl(java.lang.String)
[ERROR]   location: variable user of type com.smartcampus.user.entity.User
[ERROR] /D:/Projects/GitHub/it3030-paf-2026-smart-campus-group11/smart-campus/backend/src/main/java/com/smartcampus/user/service/UserService.java:[78,17] cannot find symbol
[ERROR]   symbol:   method getRoles()
[ERROR]   location: variable user of type com.smartcampus.user.entity.User
[ERROR] /D:/Projects/GitHub/it3030-paf-2026-smart-campus-group11/smart-campus/backend/src/main/java/com/smartcampus/user/service/UserService.java:[86,17] cannot find symbol
[ERROR]   symbol:   method getRoles()
[ERROR]   location: variable user of type com.smartcampus.user.entity.User
[ERROR] /D:/Projects/GitHub/it3030-paf-2026-smart-campus-group11/smart-campus/backend/src/main/java/com/smartcampus/user/service/UserService.java:[89,13] cannot find symbol
[ERROR]   symbol:   method getRoles()
[ERROR]   location: variable user of type com.smartcampus.user.entity.User
[ERROR] /D:/Projects/GitHub/it3030-paf-2026-smart-campus-group11/smart-campus/backend/src/main/java/com/smartcampus/user/service/UserService.java:[93,17] cannot find symbol
[ERROR]   symbol:   method getRoles()
[ERROR]   location: variable user of type com.smartcampus.user.entity.User
[ERROR] /D:/Projects/GitHub/it3030-paf-2026-smart-campus-group11/smart-campus/backend/src/main/java/com/smartcampus/user/service/UserService.java:[93,44] cannot find symbol
[ERROR]   symbol:   method getRoles()
[ERROR]   location: variable user of type com.smartcampus.user.entity.User
[ERROR] /D:/Projects/GitHub/it3030-paf-2026-smart-campus-group11/smart-campus/backend/src/main/java/com/smartcampus/user/service/UserService.java:[94,17] cannot find symbol
[ERROR]   symbol:   method getRoles()
[ERROR]   location: variable user of type com.smartcampus.user.entity.User
[ERROR] /D:/Projects/GitHub/it3030-paf-2026-smart-campus-group11/smart-campus/backend/src/main/java/com/smartcampus/user/service/UserService.java:[127,25] cannot find symbol
[ERROR]   symbol:   method setName(com.smartcampus.user.entity.RoleName)
[ERROR]   location: variable role of type com.smartcampus.user.entity.Role
[ERROR] /D:/Projects/GitHub/it3030-paf-2026-smart-campus-group11/smart-campus/backend/src/main/java/com/smartcampus/booking/service/BookingService.java:[30,16] cannot find symbol
[ERROR]   symbol:   method setOwner(com.smartcampus.user.entity.User)
[ERROR]   location: variable booking of type com.smartcampus.booking.entity.Booking
[ERROR] /D:/Projects/GitHub/it3030-paf-2026-smart-campus-group11/smart-campus/backend/src/main/java/com/smartcampus/booking/service/BookingService.java:[31,16] cannot find symbol
[ERROR]   symbol:   method setTitle(java.lang.String)
[ERROR]   location: variable booking of type com.smartcampus.booking.entity.Booking
[ERROR] /D:/Projects/GitHub/it3030-paf-2026-smart-campus-group11/smart-campus/backend/src/main/java/com/smartcampus/booking/service/BookingService.java:[32,16] cannot find symbol
[ERROR]   symbol:   method setStatus(com.smartcampus.booking.entity.BookingStatus)
[ERROR]   location: variable booking of type com.smartcampus.booking.entity.Booking
[ERROR] /D:/Projects/GitHub/it3030-paf-2026-smart-campus-group11/smart-campus/backend/src/main/java/com/smartcampus/booking/service/BookingService.java:[33,16] cannot find symbol
[ERROR]   symbol:   method setCreatedAt(java.time.LocalDateTime)
[ERROR]   location: variable booking of type com.smartcampus.booking.entity.Booking
[ERROR] /D:/Projects/GitHub/it3030-paf-2026-smart-campus-group11/smart-campus/backend/src/main/java/com/smartcampus/booking/service/BookingService.java:[34,16] cannot find symbol
[ERROR]   symbol:   method setUpdatedAt(java.time.LocalDateTime)
[ERROR]   location: variable booking of type com.smartcampus.booking.entity.Booking
[ERROR] /D:/Projects/GitHub/it3030-paf-2026-smart-campus-group11/smart-campus/backend/src/main/java/com/smartcampus/booking/service/BookingService.java:[44,16] cannot find symbol
[ERROR]   symbol:   method setStatus(com.smartcampus.booking.entity.BookingStatus)
[ERROR]   location: variable booking of type com.smartcampus.booking.entity.Booking
[ERROR] /D:/Projects/GitHub/it3030-paf-2026-smart-campus-group11/smart-campus/backend/src/main/java/com/smartcampus/booking/service/BookingService.java:[45,16] cannot find symbol
[ERROR]   symbol:   method setUpdatedAt(java.time.LocalDateTime)
[ERROR]   location: variable booking of type com.smartcampus.booking.entity.Booking
[ERROR] /D:/Projects/GitHub/it3030-paf-2026-smart-campus-group11/smart-campus/backend/src/main/java/com/smartcampus/booking/service/BookingService.java:[49,68] cannot find symbol
[ERROR]   symbol:   method getOwner()
[ERROR]   location: variable saved of type com.smartcampus.booking.entity.Booking
[ERROR] /D:/Projects/GitHub/it3030-paf-2026-smart-campus-group11/smart-campus/backend/src/main/java/com/smartcampus/booking/service/BookingService.java:[49,94] cannot find symbol
[ERROR]   symbol:   method getId()
[ERROR]   location: variable saved of type com.smartcampus.booking.entity.Booking
[ERROR] /D:/Projects/GitHub/it3030-paf-2026-smart-campus-group11/smart-campus/backend/src/main/java/com/smartcampus/booking/service/BookingService.java:[59,16] cannot find symbol
[ERROR]   symbol:   method setStatus(com.smartcampus.booking.entity.BookingStatus)
[ERROR]   location: variable booking of type com.smartcampus.booking.entity.Booking
[ERROR] /D:/Projects/GitHub/it3030-paf-2026-smart-campus-group11/smart-campus/backend/src/main/java/com/smartcampus/booking/service/BookingService.java:[60,16] cannot find symbol
[ERROR]   symbol:   method setUpdatedAt(java.time.LocalDateTime)
[ERROR]   location: variable booking of type com.smartcampus.booking.entity.Booking
[ERROR] /D:/Projects/GitHub/it3030-paf-2026-smart-campus-group11/smart-campus/backend/src/main/java/com/smartcampus/booking/service/BookingService.java:[64,68] cannot find symbol
[ERROR]   symbol:   method getOwner()
[ERROR]   location: variable saved of type com.smartcampus.booking.entity.Booking
[ERROR] /D:/Projects/GitHub/it3030-paf-2026-smart-campus-group11/smart-campus/backend/src/main/java/com/smartcampus/booking/service/BookingService.java:[64,94] cannot find symbol
[ERROR]   symbol:   method getId()
[ERROR]   location: variable saved of type com.smartcampus.booking.entity.Booking
[ERROR] /D:/Projects/GitHub/it3030-paf-2026-smart-campus-group11/smart-campus/backend/src/main/java/com/smartcampus/booking/service/BookingService.java:[71,24] cannot find symbol
[ERROR]   symbol:   method getId()
[ERROR]   location: variable booking of type com.smartcampus.booking.entity.Booking
[ERROR] /D:/Projects/GitHub/it3030-paf-2026-smart-campus-group11/smart-campus/backend/src/main/java/com/smartcampus/booking/service/BookingService.java:[72,24] cannot find symbol
[ERROR]   symbol:   method getTitle()
[ERROR]   location: variable booking of type com.smartcampus.booking.entity.Booking
[ERROR] /D:/Projects/GitHub/it3030-paf-2026-smart-campus-group11/smart-campus/backend/src/main/java/com/smartcampus/booking/service/BookingService.java:[73,24] cannot find symbol
[ERROR]   symbol:   method getStatus()
[ERROR]   location: variable booking of type com.smartcampus.booking.entity.Booking
[ERROR] /D:/Projects/GitHub/it3030-paf-2026-smart-campus-group11/smart-campus/backend/src/main/java/com/smartcampus/booking/service/BookingService.java:[74,24] cannot find symbol
[ERROR]   symbol:   method getOwner()
[ERROR]   location: variable booking of type com.smartcampus.booking.entity.Booking
[ERROR] /D:/Projects/GitHub/it3030-paf-2026-smart-campus-group11/smart-campus/backend/src/main/java/com/smartcampus/booking/service/BookingService.java:[75,24] cannot find symbol
[ERROR]   symbol:   method getCreatedAt()
[ERROR]   location: variable booking of type com.smartcampus.booking.entity.Booking
[ERROR] /D:/Projects/GitHub/it3030-paf-2026-smart-campus-group11/smart-campus/backend/src/main/java/com/smartcampus/booking/service/BookingService.java:[76,24] cannot find symbol
[ERROR]   symbol:   method getUpdatedAt()
[ERROR]   location: variable booking of type com.smartcampus.booking.entity.Booking
[ERROR] /D:/Projects/GitHub/it3030-paf-2026-smart-campus-group11/smart-campus/backend/src/main/java/com/smartcampus/notification/service/NotificationService.java:[32,81] cannot find symbol
[ERROR]   symbol:   method getId()
[ERROR]   location: variable user of type com.smartcampus.user.entity.User
[ERROR] /D:/Projects/GitHub/it3030-paf-2026-smart-campus-group11/smart-campus/backend/src/main/java/com/smartcampus/notification/service/NotificationService.java:[40,82] cannot find symbol
[ERROR]   symbol:   method getId()
[ERROR]   location: variable user of type com.smartcampus.user.entity.User
[ERROR] /D:/Projects/GitHub/it3030-paf-2026-smart-campus-group11/smart-campus/backend/src/main/java/com/smartcampus/notification/service/NotificationService.java:[47,103] cannot find symbol
[ERROR]   symbol:   method getId()
[ERROR]   location: variable user of type com.smartcampus.user.entity.User
[ERROR] /D:/Projects/GitHub/it3030-paf-2026-smart-campus-group11/smart-campus/backend/src/main/java/com/smartcampus/notification/service/NotificationService.java:[50,21] cannot find symbol
[ERROR]   symbol:   method setRead(boolean)
[ERROR]   location: variable notification of type com.smartcampus.notification.entity.Notification
[ERROR] /D:/Projects/GitHub/it3030-paf-2026-smart-campus-group11/smart-campus/backend/src/main/java/com/smartcampus/notification/service/NotificationService.java:[51,21] cannot find symbol
[ERROR]   symbol:   method setReadAt(java.time.LocalDateTime)
[ERROR]   location: variable notification of type com.smartcampus.notification.entity.Notification
[ERROR] /D:/Projects/GitHub/it3030-paf-2026-smart-campus-group11/smart-campus/backend/src/main/java/com/smartcampus/notification/service/NotificationService.java:[58,109] cannot find symbol
[ERROR]   symbol:   method getId()
[ERROR]   location: variable user of type com.smartcampus.user.entity.User
[ERROR] /D:/Projects/GitHub/it3030-paf-2026-smart-campus-group11/smart-campus/backend/src/main/java/com/smartcampus/notification/service/NotificationService.java:[61,30] cannot find symbol
[ERROR]   symbol:   method isRead()
[ERROR]   location: variable notification of type com.smartcampus.notification.entity.Notification
[ERROR] /D:/Projects/GitHub/it3030-paf-2026-smart-campus-group11/smart-campus/backend/src/main/java/com/smartcampus/notification/service/NotificationService.java:[62,29] cannot find symbol
[ERROR]   symbol:   method setRead(boolean)
[ERROR]   location: variable notification of type com.smartcampus.notification.entity.Notification
[ERROR] /D:/Projects/GitHub/it3030-paf-2026-smart-campus-group11/smart-campus/backend/src/main/java/com/smartcampus/notification/service/NotificationService.java:[63,29] cannot find symbol
[ERROR]   symbol:   method setReadAt(java.time.LocalDateTime)
[ERROR]   location: variable notification of type com.smartcampus.notification.entity.Notification
[ERROR] /D:/Projects/GitHub/it3030-paf-2026-smart-campus-group11/smart-campus/backend/src/main/java/com/smartcampus/notification/service/NotificationService.java:[105,21] cannot find symbol
[ERROR]   symbol:   method setTitle(java.lang.String)
[ERROR]   location: variable notification of type com.smartcampus.notification.entity.Notification
[ERROR] /D:/Projects/GitHub/it3030-paf-2026-smart-campus-group11/smart-campus/backend/src/main/java/com/smartcampus/notification/service/NotificationService.java:[106,21] cannot find symbol
[ERROR]   symbol:   method setMessage(java.lang.String)
[ERROR]   location: variable notification of type com.smartcampus.notification.entity.Notification
[ERROR] /D:/Projects/GitHub/it3030-paf-2026-smart-campus-group11/smart-campus/backend/src/main/java/com/smartcampus/notification/service/NotificationService.java:[107,21] cannot find symbol
[ERROR]   symbol:   method setType(com.smartcampus.notification.entity.NotificationType)
[ERROR]   location: variable notification of type com.smartcampus.notification.entity.Notification
[ERROR] /D:/Projects/GitHub/it3030-paf-2026-smart-campus-group11/smart-campus/backend/src/main/java/com/smartcampus/notification/service/NotificationService.java:[108,21] cannot find symbol
[ERROR]   symbol:   method setRecipient(com.smartcampus.user.entity.User)
[ERROR]   location: variable notification of type com.smartcampus.notification.entity.Notification
[ERROR] /D:/Projects/GitHub/it3030-paf-2026-smart-campus-group11/smart-campus/backend/src/main/java/com/smartcampus/notification/service/NotificationService.java:[109,21] cannot find symbol
[ERROR]   symbol:   method setCreatedBy(com.smartcampus.user.entity.User)
[ERROR]   location: variable notification of type com.smartcampus.notification.entity.Notification
[ERROR] /D:/Projects/GitHub/it3030-paf-2026-smart-campus-group11/smart-campus/backend/src/main/java/com/smartcampus/notification/service/NotificationService.java:[134,21] cannot find symbol
[ERROR]   symbol:   method setRecipient(com.smartcampus.user.entity.User)
[ERROR]   location: variable notification of type com.smartcampus.notification.entity.Notification
[ERROR] /D:/Projects/GitHub/it3030-paf-2026-smart-campus-group11/smart-campus/backend/src/main/java/com/smartcampus/notification/service/NotificationService.java:[135,21] cannot find symbol
[ERROR]   symbol:   method setTitle(java.lang.String)
[ERROR]   location: variable notification of type com.smartcampus.notification.entity.Notification
[ERROR] /D:/Projects/GitHub/it3030-paf-2026-smart-campus-group11/smart-campus/backend/src/main/java/com/smartcampus/notification/service/NotificationService.java:[136,21] cannot find symbol
[ERROR]   symbol:   method setMessage(java.lang.String)
[ERROR]   location: variable notification of type com.smartcampus.notification.entity.Notification
[ERROR] /D:/Projects/GitHub/it3030-paf-2026-smart-campus-group11/smart-campus/backend/src/main/java/com/smartcampus/notification/service/NotificationService.java:[137,21] cannot find symbol
[ERROR]   symbol:   method setType(com.smartcampus.notification.entity.NotificationType)
[ERROR]   location: variable notification of type com.smartcampus.notification.entity.Notification
[ERROR] /D:/Projects/GitHub/it3030-paf-2026-smart-campus-group11/smart-campus/backend/src/main/java/com/smartcampus/notification/service/NotificationService.java:[138,21] cannot find symbol
[ERROR]   symbol:   method setRead(boolean)
[ERROR]   location: variable notification of type com.smartcampus.notification.entity.Notification
[ERROR] /D:/Projects/GitHub/it3030-paf-2026-smart-campus-group11/smart-campus/backend/src/main/java/com/smartcampus/notification/service/NotificationService.java:[139,21] cannot find symbol
[ERROR]   symbol:   method setCreatedAt(java.time.LocalDateTime)
[ERROR]   location: variable notification of type com.smartcampus.notification.entity.Notification
[ERROR] /D:/Projects/GitHub/it3030-paf-2026-smart-campus-group11/smart-campus/backend/src/main/java/com/smartcampus/notification/service/NotificationService.java:[146,66] cannot find symbol
[ERROR]   symbol:   method isBookingNotificationsEnabled()
[ERROR]   location: variable preference of type com.smartcampus.notification.entity.NotificationPreference
[ERROR] /D:/Projects/GitHub/it3030-paf-2026-smart-campus-group11/smart-campus/backend/src/main/java/com/smartcampus/notification/service/NotificationService.java:[147,53] cannot find symbol
[ERROR]   symbol:   method isTicketNotificationsEnabled()
[ERROR]   location: variable preference of type com.smartcampus.notification.entity.NotificationPreference
[ERROR] /D:/Projects/GitHub/it3030-paf-2026-smart-campus-group11/smart-campus/backend/src/main/java/com/smartcampus/notification/service/NotificationService.java:[148,43] cannot find symbol
[ERROR]   symbol:   method isCommentNotificationsEnabled()
[ERROR]   location: variable preference of type com.smartcampus.notification.entity.NotificationPreference
[ERROR] /D:/Projects/GitHub/it3030-paf-2026-smart-campus-group11/smart-campus/backend/src/main/java/com/smartcampus/notification/service/NotificationService.java:[158,30] cannot find symbol
[ERROR]   symbol:   method isRead()
[ERROR]   location: variable notification of type com.smartcampus.notification.entity.Notification
[ERROR] /D:/Projects/GitHub/it3030-paf-2026-smart-campus-group11/smart-campus/backend/src/main/java/com/smartcampus/notification/service/NotificationService.java:[154,29] cannot find symbol
[ERROR]   symbol:   method getId()
[ERROR]   location: variable notification of type com.smartcampus.notification.entity.Notification
[ERROR] /D:/Projects/GitHub/it3030-paf-2026-smart-campus-group11/smart-campus/backend/src/main/java/com/smartcampus/notification/service/NotificationService.java:[155,29] cannot find symbol
[ERROR]   symbol:   method getTitle()
[ERROR]   location: variable notification of type com.smartcampus.notification.entity.Notification
[ERROR] /D:/Projects/GitHub/it3030-paf-2026-smart-campus-group11/smart-campus/backend/src/main/java/com/smartcampus/notification/service/NotificationService.java:[156,29] cannot find symbol
[ERROR]   symbol:   method getMessage()
[ERROR]   location: variable notification of type com.smartcampus.notification.entity.Notification
[ERROR] /D:/Projects/GitHub/it3030-paf-2026-smart-campus-group11/smart-campus/backend/src/main/java/com/smartcampus/notification/service/NotificationService.java:[157,29] cannot find symbol
[ERROR]   symbol:   method getType()
[ERROR]   location: variable notification of type com.smartcampus.notification.entity.Notification
[ERROR] /D:/Projects/GitHub/it3030-paf-2026-smart-campus-group11/smart-campus/backend/src/main/java/com/smartcampus/notification/service/NotificationService.java:[159,29] cannot find symbol
[ERROR]   symbol:   method getCreatedAt()
[ERROR]   location: variable notification of type com.smartcampus.notification.entity.Notification
[ERROR] /D:/Projects/GitHub/it3030-paf-2026-smart-campus-group11/smart-campus/backend/src/main/java/com/smartcampus/notification/service/NotificationService.java:[160,29] cannot find symbol
[ERROR]   symbol:   method getReadAt()
[ERROR]   location: variable notification of type com.smartcampus.notification.entity.Notification
[ERROR] /D:/Projects/GitHub/it3030-paf-2026-smart-campus-group11/smart-campus/backend/src/main/java/com/smartcampus/notification/service/NotificationService.java:[161,29] cannot find symbol
[ERROR]   symbol:   method getRecipient()
[ERROR]   location: variable notification of type com.smartcampus.notification.entity.Notification
[ERROR] /D:/Projects/GitHub/it3030-paf-2026-smart-campus-group11/smart-campus/backend/src/main/java/com/smartcampus/notification/service/NotificationPreferenceService.java:[32,19] cannot find symbol
[ERROR]   symbol:   method setBookingNotificationsEnabled(java.lang.Boolean)
[ERROR]   location: variable preference of type com.smartcampus.notification.entity.NotificationPreference
[ERROR] /D:/Projects/GitHub/it3030-paf-2026-smart-campus-group11/smart-campus/backend/src/main/java/com/smartcampus/notification/service/NotificationPreferenceService.java:[33,19] cannot find symbol
[ERROR]   symbol:   method setTicketNotificationsEnabled(java.lang.Boolean)
[ERROR]   location: variable preference of type com.smartcampus.notification.entity.NotificationPreference
[ERROR] /D:/Projects/GitHub/it3030-paf-2026-smart-campus-group11/smart-campus/backend/src/main/java/com/smartcampus/notification/service/NotificationPreferenceService.java:[34,19] cannot find symbol
[ERROR]   symbol:   method setCommentNotificationsEnabled(java.lang.Boolean)
[ERROR]   location: variable preference of type com.smartcampus.notification.entity.NotificationPreference
[ERROR] /D:/Projects/GitHub/it3030-paf-2026-smart-campus-group11/smart-campus/backend/src/main/java/com/smartcampus/notification/service/NotificationPreferenceService.java:[35,19] cannot find symbol
[ERROR]   symbol:   method setEmailNotificationsEnabled(java.lang.Boolean)
[ERROR]   location: variable preference of type com.smartcampus.notification.entity.NotificationPreference
[ERROR] /D:/Projects/GitHub/it3030-paf-2026-smart-campus-group11/smart-campus/backend/src/main/java/com/smartcampus/notification/service/NotificationPreferenceService.java:[42,54] cannot find symbol
[ERROR]   symbol:   method getId()
[ERROR]   location: variable user of type com.smartcampus.user.entity.User
[ERROR] /D:/Projects/GitHub/it3030-paf-2026-smart-campus-group11/smart-campus/backend/src/main/java/com/smartcampus/notification/service/NotificationPreferenceService.java:[45,31] cannot find symbol
[ERROR]   symbol:   method setUser(com.smartcampus.user.entity.User)
[ERROR]   location: variable preference of type com.smartcampus.notification.entity.NotificationPreference
[ERROR] /D:/Projects/GitHub/it3030-paf-2026-smart-campus-group11/smart-campus/backend/src/main/java/com/smartcampus/notification/service/NotificationPreferenceService.java:[52,27] cannot find symbol
[ERROR]   symbol:   method isBookingNotificationsEnabled()
[ERROR]   location: variable preference of type com.smartcampus.notification.entity.NotificationPreference
[ERROR] /D:/Projects/GitHub/it3030-paf-2026-smart-campus-group11/smart-campus/backend/src/main/java/com/smartcampus/notification/service/NotificationPreferenceService.java:[53,27] cannot find symbol
[ERROR]   symbol:   method isTicketNotificationsEnabled()
[ERROR]   location: variable preference of type com.smartcampus.notification.entity.NotificationPreference
[ERROR] /D:/Projects/GitHub/it3030-paf-2026-smart-campus-group11/smart-campus/backend/src/main/java/com/smartcampus/notification/service/NotificationPreferenceService.java:[54,27] cannot find symbol
[ERROR]   symbol:   method isCommentNotificationsEnabled()
[ERROR]   location: variable preference of type com.smartcampus.notification.entity.NotificationPreference
[ERROR] /D:/Projects/GitHub/it3030-paf-2026-smart-campus-group11/smart-campus/backend/src/main/java/com/smartcampus/notification/service/NotificationPreferenceService.java:[55,27] cannot find symbol
[ERROR]   symbol:   method isEmailNotificationsEnabled()
[ERROR]   location: variable preference of type com.smartcampus.notification.entity.NotificationPreference
[ERROR] /D:/Projects/GitHub/it3030-paf-2026-smart-campus-group11/smart-campus/backend/src/main/java/com/smartcampus/security/CustomOAuth2UserService.java:[43,13] cannot find symbol
[ERROR]   symbol:   method getRoles()
[ERROR]   location: variable user of type com.smartcampus.user.entity.User
[ERROR] /D:/Projects/GitHub/it3030-paf-2026-smart-campus-group11/smart-campus/backend/src/main/java/com/smartcampus/resource/service/impl/ResourceServiceImpl.java:[57,37] cannot find symbol
[ERROR]   symbol:   method builder()
[ERROR]   location: class com.smartcampus.resource.model.Resource
[ERROR] /D:/Projects/GitHub/it3030-paf-2026-smart-campus-group11/smart-campus/backend/src/main/java/com/smartcampus/resource/service/impl/ResourceServiceImpl.java:[58,33] cannot find symbol
[ERROR]   symbol:   method getName()
[ERROR]   location: variable requestDTO of type com.smartcampus.resource.dto.ResourceRequestDTO
[ERROR] /D:/Projects/GitHub/it3030-paf-2026-smart-campus-group11/smart-campus/backend/src/main/java/com/smartcampus/resource/service/impl/ResourceServiceImpl.java:[59,33] cannot find symbol
[ERROR]   symbol:   method getType()
[ERROR]   location: variable requestDTO of type com.smartcampus.resource.dto.ResourceRequestDTO
[ERROR] /D:/Projects/GitHub/it3030-paf-2026-smart-campus-group11/smart-campus/backend/src/main/java/com/smartcampus/resource/service/impl/ResourceServiceImpl.java:[60,37] cannot find symbol
[ERROR]   symbol:   method getCapacity()
[ERROR]   location: variable requestDTO of type com.smartcampus.resource.dto.ResourceRequestDTO
[ERROR] /D:/Projects/GitHub/it3030-paf-2026-smart-campus-group11/smart-campus/backend/src/main/java/com/smartcampus/resource/service/impl/ResourceServiceImpl.java:[61,37] cannot find symbol
[ERROR]   symbol:   method getLocation()
[ERROR]   location: variable requestDTO of type com.smartcampus.resource.dto.ResourceRequestDTO
[ERROR] /D:/Projects/GitHub/it3030-paf-2026-smart-campus-group11/smart-campus/backend/src/main/java/com/smartcampus/resource/service/impl/ResourceServiceImpl.java:[62,48] cannot find symbol
[ERROR]   symbol:   method getAvailabilityWindows()
[ERROR]   location: variable requestDTO of type com.smartcampus.resource.dto.ResourceRequestDTO
[ERROR] /D:/Projects/GitHub/it3030-paf-2026-smart-campus-group11/smart-campus/backend/src/main/java/com/smartcampus/resource/service/impl/ResourceServiceImpl.java:[63,35] cannot find symbol
[ERROR]   symbol:   method getStatus()
[ERROR]   location: variable requestDTO of type com.smartcampus.resource.dto.ResourceRequestDTO
[ERROR] /D:/Projects/GitHub/it3030-paf-2026-smart-campus-group11/smart-campus/backend/src/main/java/com/smartcampus/resource/service/impl/ResourceServiceImpl.java:[63,68] cannot find symbol
[ERROR]   symbol:   method getStatus()
[ERROR]   location: variable requestDTO of type com.smartcampus.resource.dto.ResourceRequestDTO
[ERROR] /D:/Projects/GitHub/it3030-paf-2026-smart-campus-group11/smart-campus/backend/src/main/java/com/smartcampus/resource/service/impl/ResourceServiceImpl.java:[64,40] cannot find symbol
[ERROR]   symbol:   method getDescription()
[ERROR]   location: variable requestDTO of type com.smartcampus.resource.dto.ResourceRequestDTO
[ERROR] /D:/Projects/GitHub/it3030-paf-2026-smart-campus-group11/smart-campus/backend/src/main/java/com/smartcampus/resource/service/impl/ResourceServiceImpl.java:[75,36] cannot find symbol
[ERROR]   symbol:   method getName()
[ERROR]   location: variable requestDTO of type com.smartcampus.resource.dto.ResourceRequestDTO
[ERROR] /D:/Projects/GitHub/it3030-paf-2026-smart-campus-group11/smart-campus/backend/src/main/java/com/smartcampus/resource/service/impl/ResourceServiceImpl.java:[76,36] cannot find symbol
[ERROR]   symbol:   method getType()
[ERROR]   location: variable requestDTO of type com.smartcampus.resource.dto.ResourceRequestDTO
[ERROR] /D:/Projects/GitHub/it3030-paf-2026-smart-campus-group11/smart-campus/backend/src/main/java/com/smartcampus/resource/service/impl/ResourceServiceImpl.java:[77,40] cannot find symbol
[ERROR]   symbol:   method getCapacity()
[ERROR]   location: variable requestDTO of type com.smartcampus.resource.dto.ResourceRequestDTO
[ERROR] /D:/Projects/GitHub/it3030-paf-2026-smart-campus-group11/smart-campus/backend/src/main/java/com/smartcampus/resource/service/impl/ResourceServiceImpl.java:[78,40] cannot find symbol
[ERROR]   symbol:   method getLocation()
[ERROR]   location: variable requestDTO of type com.smartcampus.resource.dto.ResourceRequestDTO
[ERROR] /D:/Projects/GitHub/it3030-paf-2026-smart-campus-group11/smart-campus/backend/src/main/java/com/smartcampus/resource/service/impl/ResourceServiceImpl.java:[79,51] cannot find symbol
[ERROR]   symbol:   method getAvailabilityWindows()
[ERROR]   location: variable requestDTO of type com.smartcampus.resource.dto.ResourceRequestDTO
[ERROR] /D:/Projects/GitHub/it3030-paf-2026-smart-campus-group11/smart-campus/backend/src/main/java/com/smartcampus/resource/service/impl/ResourceServiceImpl.java:[80,23] cannot find symbol
[ERROR]   symbol:   method getStatus()
[ERROR]   location: variable requestDTO of type com.smartcampus.resource.dto.ResourceRequestDTO
[ERROR] /D:/Projects/GitHub/it3030-paf-2026-smart-campus-group11/smart-campus/backend/src/main/java/com/smartcampus/resource/service/impl/ResourceServiceImpl.java:[81,42] cannot find symbol
[ERROR]   symbol:   method getStatus()
[ERROR]   location: variable requestDTO of type com.smartcampus.resource.dto.ResourceRequestDTO
[ERROR] /D:/Projects/GitHub/it3030-paf-2026-smart-campus-group11/smart-campus/backend/src/main/java/com/smartcampus/resource/service/impl/ResourceServiceImpl.java:[83,43] cannot find symbol
[ERROR]   symbol:   method getDescription()
[ERROR]   location: variable requestDTO of type com.smartcampus.resource.dto.ResourceRequestDTO
[ERROR] /D:/Projects/GitHub/it3030-paf-2026-smart-campus-group11/smart-campus/backend/src/main/java/com/smartcampus/resource/service/impl/ResourceServiceImpl.java:[98,17] cannot find symbol
[ERROR]   symbol:   method setStatus(com.smartcampus.resource.model.enums.ResourceStatus)
[ERROR]   location: variable resource of type com.smartcampus.resource.model.Resource
[ERROR] -> [Help 1]
[ERROR] 
[ERROR] To see the full stack trace of the errors, re-run Maven with the -e switch.
[ERROR] Re-run Maven using the -X switch to enable full debug logging.
[ERROR] 
[ERROR] For more information about the errors and possible solutions, please read the following articles:
[ERROR] [Help 1] http://cwiki.apache.org/confluence/display/MAVEN/MojoFailureException
