.\mvnw : WARNING: A restricted 
method in java.lang.System has 
been called
At line:1 char:1
+ .\mvnw spring-boot:run 2>&1 | 
Out-File -Encoding UTF8 build6.log
+ ~~~~~~~~~~~~~~~~~~~~~~~~~~~
    + CategoryInfo          : Not 
   Specified: (WARNING: A rest..  
  .has been called:String) [],    
 RemoteException
    + FullyQualifiedErrorId : Nat 
   iveCommandError
 
WARNING: java.lang.System::load 
has been called by org.fusesource.
jansi.internal.JansiLoader in an 
unnamed module (file:/C:/Users/Use
r/.m2/wrapper/dists/apache-maven-3
.9.9/8e74001100ff70d6af083c5511fcc
5ec49282d7017cde82c3698eee8fdf8669
8/lib/jansi-2.4.1.jar)
WARNING: Use --enable-native-acces
s=ALL-UNNAMED to avoid a warning 
for callers in this module
WARNING: Restricted methods will 
be blocked in a future release 
unless native access is enabled

WARNING: A terminally deprecated 
method in sun.misc.Unsafe has 
been called
WARNING: sun.misc.Unsafe::objectFi
eldOffset has been called by com.g
oogle.common.util.concurrent.Abstr
actFuture$UnsafeAtomicHelper (file
:/C:/Users/User/.m2/wrapper/dists/
apache-maven-3.9.9/8e74001100ff70d
6af083c5511fcc5ec49282d7017cde82c3
698eee8fdf86698/lib/guava-33.2.1-j
re.jar)
WARNING: Please consider 
reporting this to the maintainers 
of class com.google.common.util.co
ncurrent.AbstractFuture$UnsafeAtom
icHelper
WARNING: sun.misc.Unsafe::objectFi
eldOffset will be removed in a 
future release
[INFO] Scanning for projects...
[INFO] 
[INFO] ----------------< com.smartcampus:smart-campus-backend >----------------
[INFO] Building smart-campus-backend 0.0.1-SNAPSHOT
[INFO]   from pom.xml
[INFO] --------------------------------[ jar ]---------------------------------
[INFO] 
[INFO] >>> spring-boot:3.3.4:run (default-cli) > test-compile @ smart-campus-backend >>>
[INFO] 
[INFO] --- resources:3.3.1:resources (default-resources) @ smart-campus-backend ---
[INFO] Copying 1 resource from src\main\resources to target\classes
[INFO] Copying 1 resource from src\main\resources to target\classes
[INFO] 
[INFO] --- compiler:3.13.0:compile (default-compile) @ smart-campus-backend ---
[INFO] Nothing to compile - all classes are up to date.
[INFO] 
[INFO] --- resources:3.3.1:testResources (default-testResources) @ smart-campus-backend ---
[INFO] skip non existing resourceDirectory D:\Projects\GitHub\it3030-paf-2026-smart-campus-group11\smart-campus\backend\src\test\resources
[INFO] 
[INFO] --- compiler:3.13.0:testCompile (default-testCompile) @ smart-campus-backend ---
[INFO] No sources to compile
[INFO] 
[INFO] <<< spring-boot:3.3.4:run (default-cli) < test-compile @ smart-campus-backend <<<
[INFO] 
[INFO] 
[INFO] --- spring-boot:3.3.4:run (default-cli) @ smart-campus-backend ---
[INFO] Attaching agents: []

  .   ____          _            __ _ _
 /\\ / ___'_ __ _ _(_)_ __  __ _ \ \ \ \
( ( )\___ | '_ | '_| | '_ \/ _` | \ \ \ \
 \\/  ___)| |_)| | | | | || (_| |  ) ) ) )
  '  |____| .__|_| |_|_| |_\__, | / / / /
 =========|_|==============|___/=/_/_/_/

 :: Spring Boot ::                (v3.3.4)

2026-04-21T07:49:02.307+05:30  INFO 17276 --- [smart-campus-backend] [           main] com.smartcampus.SmartCampusApplication   : Starting SmartCampusApplication using Java 24.0.1 with PID 17276 (D:\Projects\GitHub\it3030-paf-2026-smart-campus-group11\smart-campus\backend\target\classes started by User in D:\Projects\GitHub\it3030-paf-2026-smart-campus-group11\smart-campus\backend)
2026-04-21T07:49:02.308+05:30  INFO 17276 --- [smart-campus-backend] [           main] com.smartcampus.SmartCampusApplication   : No active profile set, falling back to 1 default profile: "default"
2026-04-21T07:49:02.893+05:30  INFO 17276 --- [smart-campus-backend] [           main] .s.d.r.c.RepositoryConfigurationDelegate : Bootstrapping Spring Data JPA repositories in DEFAULT mode.
2026-04-21T07:49:02.972+05:30  INFO 17276 --- [smart-campus-backend] [           main] .s.d.r.c.RepositoryConfigurationDelegate : Finished Spring Data repository scanning in 72 ms. Found 8 JPA repository interfaces.
WARNING: A restricted method in java.lang.System has been called
WARNING: java.lang.System::load has been called by org.apache.tomcat.jni.Library in an unnamed module (file:/C:/Users/User/.m2/repository/org/apache/tomcat/embed/tomcat-embed-core/10.1.30/tomcat-embed-core-10.1.30.jar)
WARNING: Use --enable-native-access=ALL-UNNAMED to avoid a warning for callers in this module
WARNING: Restricted methods will be blocked in a future release unless native access is enabled

2026-04-21T07:49:03.394+05:30  INFO 17276 --- [smart-campus-backend] [           main] o.s.b.w.embedded.tomcat.TomcatWebServer  : Tomcat initialized with port 8080 (http)
2026-04-21T07:49:03.405+05:30  INFO 17276 --- [smart-campus-backend] [           main] o.apache.catalina.core.StandardService   : Starting service [Tomcat]
2026-04-21T07:49:03.405+05:30  INFO 17276 --- [smart-campus-backend] [           main] o.apache.catalina.core.StandardEngine    : Starting Servlet engine: [Apache Tomcat/10.1.30]
2026-04-21T07:49:03.448+05:30  INFO 17276 --- [smart-campus-backend] [           main] o.a.c.c.C.[Tomcat].[localhost].[/]       : Initializing Spring embedded WebApplicationContext
2026-04-21T07:49:03.449+05:30  INFO 17276 --- [smart-campus-backend] [           main] w.s.c.ServletWebServerApplicationContext : Root WebApplicationContext: initialization completed in 1098 ms
2026-04-21T07:49:03.468+05:30  INFO 17276 --- [smart-campus-backend] [           main] com.zaxxer.hikari.HikariDataSource       : HikariPool-1 - Starting...
2026-04-21T07:49:03.600+05:30  INFO 17276 --- [smart-campus-backend] [           main] com.zaxxer.hikari.pool.HikariPool        : HikariPool-1 - Added connection conn0: url=jdbc:h2:mem:smart_campus_db user=SA
2026-04-21T07:49:03.601+05:30  INFO 17276 --- [smart-campus-backend] [           main] com.zaxxer.hikari.HikariDataSource       : HikariPool-1 - Start completed.
2026-04-21T07:49:03.610+05:30  INFO 17276 --- [smart-campus-backend] [           main] o.s.b.a.h2.H2ConsoleAutoConfiguration    : H2 console available at '/h2-console'. Database available at 'jdbc:h2:mem:smart_campus_db'
2026-04-21T07:49:03.710+05:30  INFO 17276 --- [smart-campus-backend] [           main] o.hibernate.jpa.internal.util.LogHelper  : HHH000204: Processing PersistenceUnitInfo [name: default]
2026-04-21T07:49:03.747+05:30  INFO 17276 --- [smart-campus-backend] [           main] org.hibernate.Version                    : HHH000412: Hibernate ORM core version 6.5.3.Final
2026-04-21T07:49:03.774+05:30  INFO 17276 --- [smart-campus-backend] [           main] o.h.c.internal.RegionFactoryInitiator    : HHH000026: Second-level cache disabled
2026-04-21T07:49:03.981+05:30  INFO 17276 --- [smart-campus-backend] [           main] o.s.o.j.p.SpringPersistenceUnitInfo      : No LoadTimeWeaver setup: ignoring JPA class transformer
2026-04-21T07:49:04.769+05:30  INFO 17276 --- [smart-campus-backend] [           main] o.h.e.t.j.p.i.JtaPlatformInitiator       : HHH000489: No JTA platform available (set 'hibernate.transaction.jta.platform' to enable JTA platform integration)
Hibernate: 
    create table bookings (
        id bigint generated by default as identity,
        created_at timestamp(6) not null,
        status enum ('APPROVED','PENDING','REJECTED') not null,
        title varchar(200) not null,
        updated_at timestamp(6) not null,
        owner_id bigint not null,
        primary key (id)
    )
Hibernate: 
    create table notification_preferences (
        id bigint generated by default as identity,
        booking_notifications_enabled boolean not null,
        comment_notifications_enabled boolean not null,
        email_notifications_enabled boolean not null,
        ticket_notifications_enabled boolean not null,
        user_id bigint not null,
        primary key (id)
    )
Hibernate: 
    create table notifications (
        id bigint generated by default as identity,
        created_at timestamp(6) not null,
        is_read boolean not null,
        message varchar(2000) not null,
        read_at timestamp(6),
        title varchar(255) not null,
        type enum ('BOOKING_APPROVED','BOOKING_REJECTED','NEW_COMMENT','TICKET_STATUS_CHANGED') not null,
        created_by bigint,
        recipient_id bigint not null,
        primary key (id)
    )
Hibernate: 
    create table resources (
        id bigint generated by default as identity,
        availability_windows varchar(255),
        capacity integer,
        created_at timestamp(6),
        description TEXT,
        location varchar(255) not null,
        name varchar(255) not null,
        status enum ('ACTIVE','OUT_OF_SERVICE') not null,
        type enum ('EQUIPMENT','LAB','LECTURE_HALL','MEETING_ROOM') not null,
        updated_at timestamp(6),
        primary key (id)
    )
Hibernate: 
    create table roles (
        id bigint generated by default as identity,
        name enum ('ADMIN','USER') not null,
        primary key (id)
    )
Hibernate: 
    create table ticket_comments (
        id bigint generated by default as identity,
        created_at timestamp(6) not null,
        message varchar(2000) not null,
        commenter_id bigint not null,
        ticket_id bigint not null,
        primary key (id)
    )
Hibernate: 
    create table tickets (
        id bigint generated by default as identity,
        created_at timestamp(6) not null,
        description varchar(2000) not null,
        status enum ('CLOSED','IN_PROGRESS','OPEN','REJECTED','RESOLVED') not null,
        subject varchar(200) not null,
        updated_at timestamp(6) not null,
        owner_id bigint not null,
        primary key (id)
    )
Hibernate: 
    create table user_roles (
        user_id bigint not null,
        role_id bigint not null,
        primary key (user_id, role_id)
    )
Hibernate: 
    create table users (
        id bigint generated by default as identity,
        created_at timestamp(6) not null,
        email varchar(255) not null,
        enabled boolean not null,
        full_name varchar(255) not null,
        google_id varchar(255),
        picture_url varchar(255),
        primary key (id)
    )
Hibernate: 
    alter table if exists notification_preferences 
       drop constraint if exists UKn2jopkbm16qv3xelbvoyjkd0g
Hibernate: 
    alter table if exists notification_preferences 
       add constraint UKn2jopkbm16qv3xelbvoyjkd0g unique (user_id)
Hibernate: 
    alter table if exists roles 
       drop constraint if exists UKofx66keruapi6vyqpv6f2or37
Hibernate: 
    alter table if exists roles 
       add constraint UKofx66keruapi6vyqpv6f2or37 unique (name)
Hibernate: 
    alter table if exists users 
       drop constraint if exists UK6dotkott2kjsp8vw4d0m25fb7
Hibernate: 
    alter table if exists users 
       add constraint UK6dotkott2kjsp8vw4d0m25fb7 unique (email)
Hibernate: 
    alter table if exists users 
       drop constraint if exists UKovh8xmu9ac27t18m56gri58i1
Hibernate: 
    alter table if exists users 
       add constraint UKovh8xmu9ac27t18m56gri58i1 unique (google_id)
Hibernate: 
    alter table if exists bookings 
       add constraint FKmgj90xy8xmugtn5bv0espn7tr 
       foreign key (owner_id) 
       references users
Hibernate: 
    alter table if exists notification_preferences 
       add constraint FKt9qjvmcl36i14utm5uptyqg84 
       foreign key (user_id) 
       references users
Hibernate: 
    alter table if exists notifications 
       add constraint FKn22rn1rf9urqnq9uaxhslbj3y 
       foreign key (created_by) 
       references users
Hibernate: 
    alter table if exists notifications 
       add constraint FKqqnsjxlwleyjbxlmm213jaj3f 
       foreign key (recipient_id) 
       references users
Hibernate: 
    alter table if exists ticket_comments 
       add constraint FK4u1ytj69lbvvpwpq59645dns1 
       foreign key (commenter_id) 
       references users
Hibernate: 
    alter table if exists ticket_comments 
       add constraint FKdoce3fj1osdn71h25dhfs160v 
       foreign key (ticket_id) 
       references tickets
Hibernate: 
    alter table if exists tickets 
       add constraint FK2k4syjwy8ff9hyhmcuqth9id0 
       foreign key (owner_id) 
       references users
Hibernate: 
    alter table if exists user_roles 
       add constraint FKh8ciramu9cc9q3qcqiv4ue8a6 
       foreign key (role_id) 
       references roles
Hibernate: 
    alter table if exists user_roles 
       add constraint FKhfh9dx7w3ubf1co1vdev94g3f 
       foreign key (user_id) 
       references users
2026-04-21T07:49:04.834+05:30  INFO 17276 --- [smart-campus-backend] [           main] j.LocalContainerEntityManagerFactoryBean : Initialized JPA EntityManagerFactory for persistence unit 'default'
2026-04-21T07:49:05.219+05:30  WARN 17276 --- [smart-campus-backend] [           main] JpaBaseConfiguration$JpaWebConfiguration : spring.jpa.open-in-view is enabled by default. Therefore, database queries may be performed during view rendering. Explicitly configure spring.jpa.open-in-view to disable this warning
2026-04-21T07:49:05.619+05:30  WARN 17276 --- [smart-campus-backend] [           main] ConfigServletWebServerApplicationContext : Exception encountered during context initialization - cancelling refresh attempt: org.springframework.context.ApplicationContextException: Failed to start bean 'webServerStartStop'
2026-04-21T07:49:05.621+05:30  INFO 17276 --- [smart-campus-backend] [           main] j.LocalContainerEntityManagerFactoryBean : Closing JPA EntityManagerFactory for persistence unit 'default'
2026-04-21T07:49:05.626+05:30  INFO 17276 --- [smart-campus-backend] [           main] com.zaxxer.hikari.HikariDataSource       : HikariPool-1 - Shutdown initiated...
2026-04-21T07:49:05.630+05:30  INFO 17276 --- [smart-campus-backend] [           main] com.zaxxer.hikari.HikariDataSource       : HikariPool-1 - Shutdown completed.
2026-04-21T07:49:05.639+05:30  INFO 17276 --- [smart-campus-backend] [           main] .s.b.a.l.ConditionEvaluationReportLogger : 

Error starting ApplicationContext. To display the condition evaluation report re-run your application with 'debug' enabled.
2026-04-21T07:49:05.649+05:30 ERROR 17276 --- [smart-campus-backend] [           main] o.s.b.d.LoggingFailureAnalysisReporter   : 

***************************
APPLICATION FAILED TO START
***************************

Description:

Web server failed to start. Port 8080 was already in use.

Action:

Identify and stop the process that's listening on port 8080 or configure this application to listen on another port.

[INFO] ------------------------------------------------------------------------
[INFO] BUILD FAILURE
[INFO] ------------------------------------------------------------------------
[INFO] Total time:  5.415 s
[INFO] Finished at: 2026-04-21T07:49:05+05:30
[INFO] ------------------------------------------------------------------------
[ERROR] Failed to execute goal org.springframework.boot:spring-boot-maven-plugin:3.3.4:run (default-cli) on project smart-campus-backend: Process terminated with exit code: 1 -> [Help 1]
[ERROR] 
[ERROR] To see the full stack trace of the errors, re-run Maven with the -e switch.
[ERROR] Re-run Maven using the -X switch to enable full debug logging.
[ERROR] 
[ERROR] For more information about the errors and possible solutions, please read the following articles:
[ERROR] [Help 1] http://cwiki.apache.org/confluence/display/MAVEN/MojoExecutionException
