mvn.cmd : WARNING: A restricted 
method in java.lang.System has 
been called
At D:\Projects\GitHub\it3030-paf-2
026-smart-campus-group11\smart-cam
pus\backend\start-backend.ps1:18 
char:1
+ & $mavenExe spring-boot:run
+ ~~~~~~~~~~~~~~~~~~~~~~~~~~~
    + CategoryInfo          : Not 
   Specified: (WARNING: A rest..  
  .has been called:String) [],    
 RemoteException
    + FullyQualifiedErrorId : Nat 
   iveCommandError
 
WARNING: java.lang.System::load 
has been called by org.fusesource.
jansi.internal.JansiLoader in an 
unnamed module (file:/D:/Projects/
GitHub/it3030-paf-2026-smart-campu
s-group11/smart-campus/backend/.to
ols/apache-maven-3.9.9/lib/jansi-2
.4.1.jar)
WARNING: Use --enable-native-acces
s=ALL-UNNAMED to avoid a warning 
for callers in this module
WARNING: Restricted methods will 
be blocked in a future release 
unless native access is enabled

WARNING: A terminally deprecated 
method in sun.misc.Unsafe has 
been called
WARNING: sun.misc.Unsafe::objectFi
eldOffset has been called by com.g
oogle.common.util.concurrent.Abstr
actFuture$UnsafeAtomicHelper (file
:/D:/Projects/GitHub/it3030-paf-20
26-smart-campus-group11/smart-camp
us/backend/.tools/apache-maven-3.9
.9/lib/guava-33.2.1-jre.jar)
WARNING: Please consider 
reporting this to the maintainers 
of class com.google.common.util.co
ncurrent.AbstractFuture$UnsafeAtom
icHelper
WARNING: sun.misc.Unsafe::objectFi
eldOffset will be removed in a 
future release
[INFO] Scanning for projects...
[INFO] 
[INFO] ----------------< com.smartcampus:smart-campus-backend >----------------
[INFO] Building smart-campus-backend 0.0.1-SNAPSHOT
[INFO]   from pom.xml
[INFO] --------------------------------[ jar ]---------------------------------
[INFO] 
[INFO] >>> spring-boot:3.3.4:run (default-cli) > test-compile @ smart-campus-backend >>>
[INFO] 
[INFO] --- resources:3.3.1:resources (default-resources) @ smart-campus-backend ---
[INFO] Copying 1 resource from src\main\resources to target\classes
[INFO] Copying 1 resource from src\main\resources to target\classes
[INFO] 
[INFO] --- compiler:3.13.0:compile (default-compile) @ smart-campus-backend ---
[INFO] Recompiling the module because of changed source code.
[INFO] Compiling 55 source files with javac [debug parameters release 17] to target\classes
[INFO] ------------------------------------------------------------------------
[INFO] BUILD FAILURE
[INFO] ------------------------------------------------------------------------
[INFO] Total time:  2.503 s
[INFO] Finished at: 2026-04-21T07:18:16+05:30
[INFO] ------------------------------------------------------------------------
[ERROR] Failed to execute goal org.apache.maven.plugins:maven-compiler-plugin:3.13.0:compile (default-compile) on project smart-campus-backend: Fatal error compiling: java.lang.ExceptionInInitializerError: com.sun.tools.javac.code.TypeTag :: UNKNOWN -> [Help 1]
[ERROR] 
[ERROR] To see the full stack trace of the errors, re-run Maven with the -e switch.
[ERROR] Re-run Maven using the -X switch to enable full debug logging.
[ERROR] 
[ERROR] For more information about the errors and possible solutions, please read the following articles:
[ERROR] [Help 1] http://cwiki.apache.org/confluence/display/MAVEN/MojoExecutionException
